<?xml version="1.0" encoding="UTF-8"?>
<testsuite xmlns:xsi="http://www.w3.org/2001/XMLSchema-instance" xsi:noNamespaceSchemaLocation="https://maven.apache.org/surefire/maven-surefire-plugin/xsd/surefire-test-report.xsd" name="ecommerceOTO.CustomerDaoTest" time="1.405" tests="5" errors="1" skipped="4" failures="0">
  <properties>
[...]
</properties>
  <testcase name="testcreate" classname="ecommerceOTO.CustomerDaoTest" time="1.385">
    <error message="Could not determine type for: ecommerceOTO.model.Product, at table: OrderItem, for columns: [org.hibernate.mapping.Column(product)]" type="org.hibernate.MappingException">org.hibernate.MappingException: Could not determine type for: ecommerceOTO.model.Product, at table: OrderItem, for columns: [org.hibernate.mapping.Column(product)]
	at ecommerceOTO.CustomerDaoTest.testcreate(CustomerDaoTest.java:24)
</error>
    <system-err><![CDATA[Dec 29, 2022 5:10:18 PM org.hibernate.Version logVersion
INFO: HHH000412: Hibernate ORM core version 5.6.7.Final
Dec 29, 2022 5:10:18 PM org.hibernate.annotations.common.reflection.java.JavaReflectionManager <clinit>
INFO: HCANN000001: Hibernate Commons Annotations {5.1.2.Final}
Dec 29, 2022 5:10:18 PM org.hibernate.engine.jdbc.connections.internal.DriverManagerConnectionProviderImpl configure
WARN: HHH10001002: Using Hibernate built-in connection pool (not for production use!)
Dec 29, 2022 5:10:18 PM org.hibernate.engine.jdbc.connections.internal.DriverManagerConnectionProviderImpl buildCreator
INFO: HHH10001005: using driver [org.postgresql.Driver] at URL [jdbc:postgresql://localhost:5432/Test]
Dec 29, 2022 5:10:18 PM org.hibernate.engine.jdbc.connections.internal.DriverManagerConnectionProviderImpl buildCreator
INFO: HHH10001001: Connection properties: {password=****, user=postgres}
Dec 29, 2022 5:10:18 PM org.hibernate.engine.jdbc.connections.internal.DriverManagerConnectionProviderImpl buildCreator
INFO: HHH10001003: Autocommit mode: false
Dec 29, 2022 5:10:18 PM org.hibernate.engine.jdbc.connections.internal.DriverManagerConnectionProviderImpl$PooledConnections <init>
INFO: HHH000115: Hibernate connection pool size: 20 (min=1)
Dec 29, 2022 5:10:19 PM org.hibernate.dialect.Dialect <init>
INFO: HHH000400: Using dialect: org.hibernate.dialect.PostgreSQLDialect
Dec 29, 2022 5:10:19 PM org.hibernate.engine.jdbc.connections.internal.DriverManagerConnectionProviderImpl$PoolState stop
INFO: HHH10001008: Cleaning up connection pool [jdbc:postgresql://localhost:5432/Test]
]]></system-err>
  </testcase>
  <testcase name="testFindOneAndDelete" classname="ecommerceOTO.CustomerDaoTest" time="0">
    <skipped message="public void ecommerceOTO.CustomerDaoTest.testFindOneAndDelete() is @Disabled"/>
  </testcase>
  <testcase name="testFindOneNotNull" classname="ecommerceOTO.CustomerDaoTest" time="0">
    <skipped message="public void ecommerceOTO.CustomerDaoTest.testFindOneNotNull() is @Disabled"/>
  </testcase>
  <testcase name="testFindOneAndUpdate" classname="ecommerceOTO.CustomerDaoTest" time="0">
    <skipped message="public void ecommerceOTO.CustomerDaoTest.testFindOneAndUpdate() is @Disabled"/>
  </testcase>
  <testcase name="testFindAllNotNull" classname="ecommerceOTO.CustomerDaoTest" time="0">
    <skipped message="public void ecommerceOTO.CustomerDaoTest.testFindAllNotNull() is @Disabled"/>
  </testcase>
</testsuite>