<?xml version="1.0" encoding="UTF-8"?>
<testsuite xmlns:xsi="http://www.w3.org/2001/XMLSchema-instance" xsi:noNamespaceSchemaLocation="https://maven.apache.org/surefire/maven-surefire-plugin/xsd/surefire-test-report.xsd" name="ecommerceOTO.OrderItemDaoTest" time="2.438" tests="5" errors="0" skipped="4" failures="0">
  <properties>
[...]
</properties>
  <testcase name="testcreate" classname="ecommerceOTO.OrderItemDaoTest" time="2.428"/>
  <testcase name="testFindOneAndDelete" classname="ecommerceOTO.OrderItemDaoTest" time="0">
    <skipped message="public void ecommerceOTO.OrderItemDaoTest.testFindOneAndDelete() is @Disabled"/>
  </testcase>
  <testcase name="testFindOneNotNull" classname="ecommerceOTO.OrderItemDaoTest" time="0">
    <skipped message="public void ecommerceOTO.OrderItemDaoTest.testFindOneNotNull() is @Disabled"/>
  </testcase>
  <testcase name="testFindOneAndUpdate" classname="ecommerceOTO.OrderItemDaoTest" time="0">
    <skipped message="public void ecommerceOTO.OrderItemDaoTest.testFindOneAndUpdate() is @Disabled"/>
  </testcase>
  <testcase name="testFindAllNotNull" classname="ecommerceOTO.OrderItemDaoTest" time="0">
    <skipped message="public void ecommerceOTO.OrderItemDaoTest.testFindAllNotNull() is @Disabled"/>
  </testcase>
</testsuite>